{"level":"info","time":"2025-08-07 23:00:31.046","logger":"server","caller":"log/log.go:43","msg":"服务开始初始化","service":"user-api","version":"v1.0.0"}
{"level":"info","time":"2025-08-07 23:00:31.046","logger":"server","caller":"log/log.go:52","msg":"配置警告","service":"user-api","version":"v1.0.0","key":"timeout","value":30,"warning":"接近系统默认上限","level":"warn"}
{"level":"info","time":"2025-08-07 23:00:31.046","logger":"server.db","caller":"log/log.go:56","msg":"开始连接数据库","service":"user-api","version":"v1.0.0","db_type":"mysql","addr":"127.0.0.1:3306"}
{"level":"info","time":"2025-08-07 23:00:31.046","logger":"server.db","caller":"log/log.go:61","msg":"数据库连接成功","service":"user-api","version":"v1.0.0","db_type":"mysql","addr":"127.0.0.1:3306"}
{"level":"info","time":"2025-08-07 23:00:31.046","logger":"server.http","caller":"log/log.go:93","msg":"收到用户登录请求","service":"user-api","version":"v1.0.0","request_id":"req-20250807230031","method":"POST","path":"/api/login","username":"admin"}
{"level":"info","time":"2025-08-07 23:00:31.046","logger":"server.http","caller":"log/log.go:97","msg":"校验用户输入: username=admin, password_len=6","service":"user-api","version":"v1.0.0","request_id":"req-20250807230031","method":"POST","path":"/api/login"}
{"level":"info","time":"2025-08-07 23:00:31.046","logger":"server.http.db","caller":"log/log.go:121","msg":"执行用户查询","service":"user-api","version":"v1.0.0","request_id":"req-20250807230031","method":"POST","path":"/api/login","sql":"SELECT id, username FROM users WHERE username = ?"}
{"level":"info","time":"2025-08-07 23:00:31.196","logger":"server.http","caller":"log/log.go:110","msg":"用户登录成功","service":"user-api","version":"v1.0.0","request_id":"req-20250807230031","method":"POST","path":"/api/login","user_id":1001,"login_ip":"192.168.1.100","cost_ms":156}
{"level":"info","time":"2025-08-07 23:00:31.196","logger":"server.cron","caller":"log/log.go:159","msg":"定时任务调度器启动成功","service":"user-api","version":"v1.0.0"}
{"level":"info","time":"2025-08-07 23:00:31.196","logger":"server","caller":"log/log.go:71","msg":"服务启动完成，监听端口: 8080","service":"user-api","version":"v1.0.0"}
{"level":"info","time":"2025-08-07 23:00:31.196","logger":"server.cron","caller":"log/log.go:176","msg":"start","service":"user-api","version":"v1.0.0"}
{"level":"info","time":"2025-08-07 23:00:31.196","logger":"server.cron","caller":"log/log.go:176","msg":"schedule","service":"user-api","version":"v1.0.0","now":"2025-08-07 23:00:31.196","entry":1,"next":"2025-08-07 23:01:00.000"}
{"level":"info","time":"2025-08-07 23:01:00.002","logger":"server.cron","caller":"log/log.go:176","msg":"wake","service":"user-api","version":"v1.0.0","now":"2025-08-07 23:00:59.999"}
{"level":"info","time":"2025-08-07 23:01:00.003","logger":"server.cron","caller":"log/log.go:176","msg":"wake","service":"user-api","version":"v1.0.0","now":"2025-08-07 23:01:00.003"}
{"level":"info","time":"2025-08-07 23:01:00.003","logger":"server.cron","caller":"log/log.go:176","msg":"run","service":"user-api","version":"v1.0.0","now":"2025-08-07 23:01:00.003","entry":1,"next":"2025-08-07 23:02:00.000"}
{"level":"info","time":"2025-08-07 23:01:00.003","logger":"server.cron","caller":"log/log.go:141","msg":"开始执行数据备份","service":"user-api","version":"v1.0.0","task":"data_backup","timestamp":1754578860}
{"level":"info","time":"2025-08-07 23:01:00.003","logger":"server.cron","caller":"log/log.go:151","msg":"数据备份完成","service":"user-api","version":"v1.0.0","task":"data_backup","timestamp":1754578860,"size_mb":256,"cost_s":12}
{"level":"info","time":"2025-08-07 23:02:00.002","logger":"server.cron","caller":"log/log.go:176","msg":"wake","service":"user-api","version":"v1.0.0","now":"2025-08-07 23:01:59.998"}
{"level":"info","time":"2025-08-07 23:02:00.004","logger":"server.cron","caller":"log/log.go:176","msg":"wake","service":"user-api","version":"v1.0.0","now":"2025-08-07 23:02:00.004"}
{"level":"info","time":"2025-08-07 23:02:00.004","logger":"server.cron","caller":"log/log.go:176","msg":"run","service":"user-api","version":"v1.0.0","now":"2025-08-07 23:02:00.004","entry":1,"next":"2025-08-07 23:03:00.000"}
{"level":"info","time":"2025-08-07 23:02:00.004","logger":"server.cron","caller":"log/log.go:141","msg":"开始执行数据备份","service":"user-api","version":"v1.0.0","task":"data_backup","timestamp":1754578920}
{"level":"info","time":"2025-08-07 23:02:00.004","logger":"server.cron","caller":"log/log.go:151","msg":"数据备份完成","service":"user-api","version":"v1.0.0","task":"data_backup","timestamp":1754578920,"size_mb":256,"cost_s":12}
{"level":"info","time":"2025-08-07 23:03:00.001","logger":"server.cron","caller":"log/log.go:176","msg":"wake","service":"user-api","version":"v1.0.0","now":"2025-08-07 23:02:59.998"}
{"level":"info","time":"2025-08-07 23:03:00.003","logger":"server.cron","caller":"log/log.go:176","msg":"wake","service":"user-api","version":"v1.0.0","now":"2025-08-07 23:03:00.003"}
{"level":"info","time":"2025-08-07 23:03:00.003","logger":"server.cron","caller":"log/log.go:176","msg":"run","service":"user-api","version":"v1.0.0","now":"2025-08-07 23:03:00.003","entry":1,"next":"2025-08-07 23:04:00.000"}
{"level":"info","time":"2025-08-07 23:03:00.003","logger":"server.cron","caller":"log/log.go:141","msg":"开始执行数据备份","service":"user-api","version":"v1.0.0","task":"data_backup","timestamp":1754578980}
{"level":"info","time":"2025-08-07 23:03:00.003","logger":"server.cron","caller":"log/log.go:151","msg":"数据备份完成","service":"user-api","version":"v1.0.0","task":"data_backup","timestamp":1754578980,"size_mb":256,"cost_s":12}
{"level":"info","time":"2025-08-07 23:05:29.586","logger":"server","caller":"log/log.go:46","msg":"服务开始初始化","service":"user-api","version":"v1.0.0"}
{"level":"info","time":"2025-08-07 23:05:29.586","logger":"server","caller":"log/log.go:55","msg":"配置警告","service":"user-api","version":"v1.0.0","key":"timeout","value":30,"warning":"接近系统默认上限","level":"warn"}
{"level":"info","time":"2025-08-07 23:05:29.586","logger":"server.db","caller":"log/log.go:59","msg":"开始连接数据库","service":"user-api","version":"v1.0.0","db_type":"mysql","addr":"127.0.0.1:3306"}
{"level":"info","time":"2025-08-07 23:05:29.586","logger":"server.db","caller":"log/log.go:64","msg":"数据库连接成功","service":"user-api","version":"v1.0.0","db_type":"mysql","addr":"127.0.0.1:3306"}
{"level":"info","time":"2025-08-07 23:05:29.586","logger":"server.http","caller":"log/log.go:97","msg":"收到用户登录请求","service":"user-api","version":"v1.0.0","request_id":"req-20250807230529","method":"POST","path":"/api/login","username":"admin"}
{"level":"info","time":"2025-08-07 23:05:29.586","logger":"server.http","caller":"log/log.go:101","msg":"校验用户输入: username=admin, password_len=6","service":"user-api","version":"v1.0.0","request_id":"req-20250807230529","method":"POST","path":"/api/login"}
{"level":"info","time":"2025-08-07 23:05:29.586","logger":"server.http.db","caller":"log/log.go:125","msg":"执行用户查询","service":"user-api","version":"v1.0.0","request_id":"req-20250807230529","method":"POST","path":"/api/login","sql":"SELECT id, username FROM users WHERE username = ?"}
{"level":"info","time":"2025-08-07 23:05:29.737","logger":"server.http","caller":"log/log.go:114","msg":"用户登录成功","service":"user-api","version":"v1.0.0","request_id":"req-20250807230529","method":"POST","path":"/api/login","user_id":1001,"login_ip":"192.168.1.100","cost_ms":156}
{"level":"info","time":"2025-08-07 23:05:29.737","logger":"server.cron","caller":"log/log.go:163","msg":"定时任务调度器启动成功","service":"user-api","version":"v1.0.0"}
{"level":"info","time":"2025-08-07 23:05:29.737","logger":"server","caller":"log/log.go:75","msg":"服务启动完成，监听端口: 8080","service":"user-api","version":"v1.0.0"}
{"level":"info","time":"2025-08-07 23:05:29.737","logger":"server.cron","caller":"log/log.go:180","msg":"start","service":"user-api","version":"v1.0.0"}
{"level":"info","time":"2025-08-07 23:05:29.737","logger":"server.cron","caller":"log/log.go:180","msg":"schedule","service":"user-api","version":"v1.0.0","now":"2025-08-07 23:05:29.737","entry":1,"next":"2025-08-07 23:06:00.000"}
{"level":"info","time":"2025-08-07 23:05:59.998","logger":"server.cron","caller":"log/log.go:180","msg":"wake","service":"user-api","version":"v1.0.0","now":"2025-08-07 23:05:59.998"}
{"level":"info","time":"2025-08-07 23:06:00.000","logger":"server.cron","caller":"log/log.go:180","msg":"wake","service":"user-api","version":"v1.0.0","now":"2025-08-07 23:06:00.000"}
{"level":"info","time":"2025-08-07 23:06:00.000","logger":"server.cron","caller":"log/log.go:180","msg":"run","service":"user-api","version":"v1.0.0","now":"2025-08-07 23:06:00.000","entry":1,"next":"2025-08-07 23:07:00.000"}
{"level":"info","time":"2025-08-07 23:06:00.001","logger":"server.cron","caller":"log/log.go:145","msg":"开始执行数据备份","service":"user-api","version":"v1.0.0","task":"data_backup","timestamp":1754579160}
{"level":"info","time":"2025-08-07 23:06:00.001","logger":"server.cron","caller":"log/log.go:155","msg":"数据备份完成","service":"user-api","version":"v1.0.0","task":"data_backup","timestamp":1754579160,"size_mb":256,"cost_s":12}
{"level":"info","time":"2025-08-07 23:06:59.999","logger":"server.cron","caller":"log/log.go:180","msg":"wake","service":"user-api","version":"v1.0.0","now":"2025-08-07 23:06:59.998"}
{"level":"info","time":"2025-08-07 23:07:00.001","logger":"server.cron","caller":"log/log.go:180","msg":"wake","service":"user-api","version":"v1.0.0","now":"2025-08-07 23:07:00.001"}
{"level":"info","time":"2025-08-07 23:07:00.001","logger":"server.cron","caller":"log/log.go:180","msg":"run","service":"user-api","version":"v1.0.0","now":"2025-08-07 23:07:00.001","entry":1,"next":"2025-08-07 23:08:00.000"}
{"level":"info","time":"2025-08-07 23:07:00.002","logger":"server.cron","caller":"log/log.go:145","msg":"开始执行数据备份","service":"user-api","version":"v1.0.0","task":"data_backup","timestamp":1754579220}
{"level":"info","time":"2025-08-07 23:07:00.002","logger":"server.cron","caller":"log/log.go:155","msg":"数据备份完成","service":"user-api","version":"v1.0.0","task":"data_backup","timestamp":1754579220,"size_mb":256,"cost_s":12}
{"level":"info","time":"2025-08-07 23:08:18.218","logger":"server","caller":"log/log.go:46","msg":"服务开始初始化","service":"user-api","version":"v1.0.0"}
{"level":"info","time":"2025-08-07 23:08:18.218","logger":"server","caller":"log/log.go:55","msg":"配置警告","service":"user-api","version":"v1.0.0","key":"timeout","value":30,"warning":"接近系统默认上限","level":"warn"}
{"level":"info","time":"2025-08-07 23:08:18.218","logger":"server.db","caller":"log/log.go:59","msg":"开始连接数据库","service":"user-api","version":"v1.0.0","db_type":"mysql","addr":"127.0.0.1:3306"}
{"level":"info","time":"2025-08-07 23:08:18.218","logger":"server.db","caller":"log/log.go:64","msg":"数据库连接成功","service":"user-api","version":"v1.0.0","db_type":"mysql","addr":"127.0.0.1:3306"}
{"level":"info","time":"2025-08-07 23:08:18.218","logger":"server.http","caller":"log/log.go:97","msg":"收到用户登录请求","service":"user-api","version":"v1.0.0","request_id":"req-20250807230818","method":"POST","path":"/api/login","username":"admin"}
{"level":"info","time":"2025-08-07 23:08:18.218","logger":"server.http","caller":"log/log.go:101","msg":"校验用户输入: username=admin, password_len=6","service":"user-api","version":"v1.0.0","request_id":"req-20250807230818","method":"POST","path":"/api/login"}
{"level":"info","time":"2025-08-07 23:08:18.218","logger":"server.http.db","caller":"log/log.go:125","msg":"执行用户查询","service":"user-api","version":"v1.0.0","request_id":"req-20250807230818","method":"POST","path":"/api/login","sql":"SELECT id, username FROM users WHERE username = ?"}
{"level":"info","time":"2025-08-07 23:08:18.368","logger":"server.http","caller":"log/log.go:114","msg":"用户登录成功","service":"user-api","version":"v1.0.0","request_id":"req-20250807230818","method":"POST","path":"/api/login","user_id":1001,"login_ip":"192.168.1.100","cost_ms":156}
{"level":"info","time":"2025-08-07 23:08:18.368","logger":"server.cron","caller":"log/log.go:163","msg":"定时任务调度器启动成功","service":"user-api","version":"v1.0.0"}
{"level":"info","time":"2025-08-07 23:08:18.369","logger":"server","caller":"log/log.go:75","msg":"服务启动完成，监听端口: 8080","service":"user-api","version":"v1.0.0"}
{"level":"info","time":"2025-08-07 23:08:18.369","logger":"server.cron","caller":"log/log.go:180","msg":"start","service":"user-api","version":"v1.0.0"}
{"level":"info","time":"2025-08-07 23:08:18.369","logger":"server.cron","caller":"log/log.go:180","msg":"schedule","service":"user-api","version":"v1.0.0","now":"2025-08-07 23:08:18.369","entry":1,"next":"2025-08-07 23:09:00.000"}
{"level":"info","time":"2025-08-07 23:08:59.999","logger":"server.cron","caller":"log/log.go:180","msg":"wake","service":"user-api","version":"v1.0.0","now":"2025-08-07 23:08:59.998"}
{"level":"info","time":"2025-08-07 23:09:00.001","logger":"server.cron","caller":"log/log.go:180","msg":"wake","service":"user-api","version":"v1.0.0","now":"2025-08-07 23:09:00.000"}
{"level":"info","time":"2025-08-07 23:09:00.001","logger":"server.cron","caller":"log/log.go:180","msg":"run","service":"user-api","version":"v1.0.0","now":"2025-08-07 23:09:00.000","entry":1,"next":"2025-08-07 23:10:00.000"}
{"level":"info","time":"2025-08-07 23:09:00.001","logger":"server.cron","caller":"log/log.go:145","msg":"开始执行数据备份","service":"user-api","version":"v1.0.0","task":"data_backup","timestamp":1754579340}
{"level":"info","time":"2025-08-07 23:09:00.001","logger":"server.cron","caller":"log/log.go:155","msg":"数据备份完成","service":"user-api","version":"v1.0.0","task":"data_backup","timestamp":1754579340,"size_mb":256,"cost_s":12}
{"level":"info","time":"2025-08-07 23:09:59.998","logger":"server.cron","caller":"log/log.go:180","msg":"wake","service":"user-api","version":"v1.0.0","now":"2025-08-07 23:09:59.997"}
{"level":"info","time":"2025-08-07 23:10:00.002","logger":"server.cron","caller":"log/log.go:180","msg":"wake","service":"user-api","version":"v1.0.0","now":"2025-08-07 23:10:00.001"}
{"level":"info","time":"2025-08-07 23:10:00.002","logger":"server.cron","caller":"log/log.go:180","msg":"run","service":"user-api","version":"v1.0.0","now":"2025-08-07 23:10:00.001","entry":1,"next":"2025-08-07 23:11:00.000"}
{"level":"info","time":"2025-08-07 23:10:00.002","logger":"server.cron","caller":"log/log.go:145","msg":"开始执行数据备份","service":"user-api","version":"v1.0.0","task":"data_backup","timestamp":1754579400}
{"level":"error","time":"2025-08-07 23:10:00.002","logger":"server.cron","caller":"log/log.go:148","msg":"数据备份失败","service":"user-api","version":"v1.0.0","task":"data_backup","timestamp":1754579400,"retry_after":"5m","error":"disk full: 备份目录空间不足"}
{"level":"info","time":"2025-08-07 23:11:00.000","logger":"server.cron","caller":"log/log.go:180","msg":"wake","service":"user-api","version":"v1.0.0","now":"2025-08-07 23:10:59.999"}
{"level":"info","time":"2025-08-07 23:11:00.001","logger":"server.cron","caller":"log/log.go:180","msg":"wake","service":"user-api","version":"v1.0.0","now":"2025-08-07 23:11:00.001"}
{"level":"info","time":"2025-08-07 23:11:00.001","logger":"server.cron","caller":"log/log.go:180","msg":"run","service":"user-api","version":"v1.0.0","now":"2025-08-07 23:11:00.001","entry":1,"next":"2025-08-07 23:12:00.000"}
{"level":"info","time":"2025-08-07 23:11:00.001","logger":"server.cron","caller":"log/log.go:145","msg":"开始执行数据备份","service":"user-api","version":"v1.0.0","task":"data_backup","timestamp":1754579460}
{"level":"info","time":"2025-08-07 23:11:00.001","logger":"server.cron","caller":"log/log.go:155","msg":"数据备份完成","service":"user-api","version":"v1.0.0","task":"data_backup","timestamp":1754579460,"size_mb":256,"cost_s":12}
{"level":"info","time":"2025-08-07 23:11:59.999","logger":"server.cron","caller":"log/log.go:180","msg":"wake","service":"user-api","version":"v1.0.0","now":"2025-08-07 23:11:59.998"}
{"level":"info","time":"2025-08-07 23:12:00.001","logger":"server.cron","caller":"log/log.go:180","msg":"wake","service":"user-api","version":"v1.0.0","now":"2025-08-07 23:12:00.001"}
{"level":"info","time":"2025-08-07 23:12:00.001","logger":"server.cron","caller":"log/log.go:180","msg":"run","service":"user-api","version":"v1.0.0","now":"2025-08-07 23:12:00.001","entry":1,"next":"2025-08-07 23:13:00.000"}
{"level":"info","time":"2025-08-07 23:12:00.001","logger":"server.cron","caller":"log/log.go:145","msg":"开始执行数据备份","service":"user-api","version":"v1.0.0","task":"data_backup","timestamp":1754579520}
{"level":"info","time":"2025-08-07 23:12:00.002","logger":"server.cron","caller":"log/log.go:155","msg":"数据备份完成","service":"user-api","version":"v1.0.0","task":"data_backup","timestamp":1754579520,"size_mb":256,"cost_s":12}
{"level":"info","time":"2025-08-07 23:12:59.999","logger":"server.cron","caller":"log/log.go:180","msg":"wake","service":"user-api","version":"v1.0.0","now":"2025-08-07 23:12:59.998"}
{"level":"info","time":"2025-08-07 23:13:00.001","logger":"server.cron","caller":"log/log.go:180","msg":"wake","service":"user-api","version":"v1.0.0","now":"2025-08-07 23:13:00.001"}
{"level":"info","time":"2025-08-07 23:13:00.001","logger":"server.cron","caller":"log/log.go:180","msg":"run","service":"user-api","version":"v1.0.0","now":"2025-08-07 23:13:00.001","entry":1,"next":"2025-08-07 23:14:00.000"}
{"level":"info","time":"2025-08-07 23:13:00.001","logger":"server.cron","caller":"log/log.go:145","msg":"开始执行数据备份","service":"user-api","version":"v1.0.0","task":"data_backup","timestamp":1754579580}
{"level":"info","time":"2025-08-07 23:13:00.001","logger":"server.cron","caller":"log/log.go:155","msg":"数据备份完成","service":"user-api","version":"v1.0.0","task":"data_backup","timestamp":1754579580,"size_mb":256,"cost_s":12}
{"level":"info","time":"2025-08-07 23:13:59.999","logger":"server.cron","caller":"log/log.go:180","msg":"wake","service":"user-api","version":"v1.0.0","now":"2025-08-07 23:13:59.998"}
{"level":"info","time":"2025-08-07 23:14:00.002","logger":"server.cron","caller":"log/log.go:180","msg":"wake","service":"user-api","version":"v1.0.0","now":"2025-08-07 23:14:00.001"}
{"level":"info","time":"2025-08-07 23:14:00.002","logger":"server.cron","caller":"log/log.go:180","msg":"run","service":"user-api","version":"v1.0.0","now":"2025-08-07 23:14:00.001","entry":1,"next":"2025-08-07 23:15:00.000"}
{"level":"info","time":"2025-08-07 23:14:00.002","logger":"server.cron","caller":"log/log.go:145","msg":"开始执行数据备份","service":"user-api","version":"v1.0.0","task":"data_backup","timestamp":1754579640}
{"level":"info","time":"2025-08-07 23:14:00.002","logger":"server.cron","caller":"log/log.go:155","msg":"数据备份完成","service":"user-api","version":"v1.0.0","task":"data_backup","timestamp":1754579640,"size_mb":256,"cost_s":12}
{"level":"info","time":"2025-08-07 23:15:00.000","logger":"server.cron","caller":"log/log.go:180","msg":"wake","service":"user-api","version":"v1.0.0","now":"2025-08-07 23:14:59.998"}
{"level":"info","time":"2025-08-07 23:15:00.002","logger":"server.cron","caller":"log/log.go:180","msg":"wake","service":"user-api","version":"v1.0.0","now":"2025-08-07 23:15:00.001"}
{"level":"info","time":"2025-08-07 23:15:00.002","logger":"server.cron","caller":"log/log.go:180","msg":"run","service":"user-api","version":"v1.0.0","now":"2025-08-07 23:15:00.001","entry":1,"next":"2025-08-07 23:16:00.000"}
{"level":"info","time":"2025-08-07 23:15:00.002","logger":"server.cron","caller":"log/log.go:145","msg":"开始执行数据备份","service":"user-api","version":"v1.0.0","task":"data_backup","timestamp":1754579700}
{"level":"info","time":"2025-08-07 23:15:00.002","logger":"server.cron","caller":"log/log.go:155","msg":"数据备份完成","service":"user-api","version":"v1.0.0","task":"data_backup","timestamp":1754579700,"size_mb":256,"cost_s":12}
{"level":"info","time":"2025-08-07 23:16:00.000","logger":"server.cron","caller":"log/log.go:180","msg":"wake","service":"user-api","version":"v1.0.0","now":"2025-08-07 23:15:59.998"}
{"level":"info","time":"2025-08-07 23:16:00.001","logger":"server.cron","caller":"log/log.go:180","msg":"wake","service":"user-api","version":"v1.0.0","now":"2025-08-07 23:16:00.001"}
{"level":"info","time":"2025-08-07 23:16:00.001","logger":"server.cron","caller":"log/log.go:180","msg":"run","service":"user-api","version":"v1.0.0","now":"2025-08-07 23:16:00.001","entry":1,"next":"2025-08-07 23:17:00.000"}
{"level":"info","time":"2025-08-07 23:16:00.001","logger":"server.cron","caller":"log/log.go:145","msg":"开始执行数据备份","service":"user-api","version":"v1.0.0","task":"data_backup","timestamp":1754579760}
{"level":"info","time":"2025-08-07 23:16:00.001","logger":"server.cron","caller":"log/log.go:155","msg":"数据备份完成","service":"user-api","version":"v1.0.0","task":"data_backup","timestamp":1754579760,"size_mb":256,"cost_s":12}
{"level":"info","time":"2025-08-07 23:16:59.999","logger":"server.cron","caller":"log/log.go:180","msg":"wake","service":"user-api","version":"v1.0.0","now":"2025-08-07 23:16:59.998"}
{"level":"info","time":"2025-08-07 23:17:00.001","logger":"server.cron","caller":"log/log.go:180","msg":"wake","service":"user-api","version":"v1.0.0","now":"2025-08-07 23:17:00.001"}
{"level":"info","time":"2025-08-07 23:17:00.001","logger":"server.cron","caller":"log/log.go:180","msg":"run","service":"user-api","version":"v1.0.0","now":"2025-08-07 23:17:00.001","entry":1,"next":"2025-08-07 23:18:00.000"}
{"level":"info","time":"2025-08-07 23:17:00.001","logger":"server.cron","caller":"log/log.go:145","msg":"开始执行数据备份","service":"user-api","version":"v1.0.0","task":"data_backup","timestamp":1754579820}
{"level":"info","time":"2025-08-07 23:17:00.001","logger":"server.cron","caller":"log/log.go:155","msg":"数据备份完成","service":"user-api","version":"v1.0.0","task":"data_backup","timestamp":1754579820,"size_mb":256,"cost_s":12}
