{"action":"audit.startup","actor":"system","actor_id":"","error":"","ip":"","metadata":{"stage":"startup"},"occurred_at":"2025-10-10T01:41:29.011251845Z","outcome":"success","request_id":"","resource_id":"audit","resource_type":"service","target":"audit","user_agent":""}
{"action":"mysql.startup","actor":"system","actor_id":"","error":"","ip":"","metadata":{"stage":"startup"},"occurred_at":"2025-10-10T01:41:29.011258722Z","outcome":"start","request_id":"","resource_id":"mysql","resource_type":"service","target":"mysql","user_agent":""}
{"action":"mysql.startup","actor":"system","actor_id":"","error":"","ip":"","metadata":{"stage":"startup"},"occurred_at":"2025-10-10T01:41:29.044917154Z","outcome":"success","request_id":"","resource_id":"mysql","resource_type":"service","target":"mysql","user_agent":""}
{"action":"redis.startup","actor":"system","actor_id":"","error":"","ip":"","metadata":{"stage":"startup"},"occurred_at":"2025-10-10T01:41:29.045724046Z","outcome":"start","request_id":"","resource_id":"redis","resource_type":"service","target":"redis","user_agent":""}
{"action":"redis.startup","actor":"system","actor_id":"","error":"","ip":"","metadata":{"stage":"startup"},"occurred_at":"2025-10-10T01:41:30.051283417Z","outcome":"success","request_id":"","resource_id":"redis","resource_type":"service","target":"redis","user_agent":""}
{"action":"kafka.startup","actor":"system","actor_id":"","error":"","ip":"","metadata":{"stage":"startup"},"occurred_at":"2025-10-10T01:41:30.051346134Z","outcome":"start","request_id":"","resource_id":"kafka","resource_type":"service","target":"kafka","user_agent":""}
{"action":"kafka.startup","actor":"system","actor_id":"","error":"","ip":"","metadata":{"stage":"startup"},"occurred_at":"2025-10-10T01:41:30.138141097Z","outcome":"success","request_id":"","resource_id":"kafka","resource_type":"service","target":"kafka","user_agent":""}
{"action":"api-server.startup","actor":"system","actor_id":"","error":"","ip":"","metadata":{"stage":"startup"},"occurred_at":"2025-10-10T01:41:30.18950487Z","outcome":"start","request_id":"","resource_id":"api-server","resource_type":"service","target":"api-server","user_agent":""}
{"action":"api-server.startup","actor":"system","actor_id":"","error":"","ip":"","metadata":{"stage":"startup"},"occurred_at":"2025-10-10T01:41:30.190045908Z","outcome":"success","request_id":"","resource_id":"api-server","resource_type":"service","target":"api-server","user_agent":""}
{"action":"audit.startup","actor":"system","actor_id":"","error":"","ip":"","metadata":{"stage":"startup"},"occurred_at":"2025-10-10T03:36:54.083368131Z","outcome":"success","request_id":"","resource_id":"audit","resource_type":"service","target":"audit","user_agent":""}
{"action":"mysql.startup","actor":"system","actor_id":"","error":"","ip":"","metadata":{"stage":"startup"},"occurred_at":"2025-10-10T03:36:54.083376562Z","outcome":"start","request_id":"","resource_id":"mysql","resource_type":"service","target":"mysql","user_agent":""}
{"action":"mysql.startup","actor":"system","actor_id":"","error":"","ip":"","metadata":{"stage":"startup"},"occurred_at":"2025-10-10T03:36:54.113484168Z","outcome":"success","request_id":"","resource_id":"mysql","resource_type":"service","target":"mysql","user_agent":""}
{"action":"redis.startup","actor":"system","actor_id":"","error":"","ip":"","metadata":{"stage":"startup"},"occurred_at":"2025-10-10T03:36:54.114362401Z","outcome":"start","request_id":"","resource_id":"redis","resource_type":"service","target":"redis","user_agent":""}
{"action":"redis.startup","actor":"system","actor_id":"","error":"","ip":"","metadata":{"stage":"startup"},"occurred_at":"2025-10-10T03:36:55.120935496Z","outcome":"success","request_id":"","resource_id":"redis","resource_type":"service","target":"redis","user_agent":""}
{"action":"kafka.startup","actor":"system","actor_id":"","error":"","ip":"","metadata":{"stage":"startup"},"occurred_at":"2025-10-10T03:36:55.121000263Z","outcome":"start","request_id":"","resource_id":"kafka","resource_type":"service","target":"kafka","user_agent":""}
{"action":"kafka.startup","actor":"system","actor_id":"","error":"","ip":"","metadata":{"stage":"startup"},"occurred_at":"2025-10-10T03:36:55.133045023Z","outcome":"success","request_id":"","resource_id":"kafka","resource_type":"service","target":"kafka","user_agent":""}
{"action":"api-server.startup","actor":"system","actor_id":"","error":"","ip":"","metadata":{"stage":"startup"},"occurred_at":"2025-10-10T03:36:55.174578633Z","outcome":"start","request_id":"","resource_id":"api-server","resource_type":"service","target":"api-server","user_agent":""}
{"action":"api-server.startup","actor":"system","actor_id":"","error":"","ip":"","metadata":{"stage":"startup"},"occurred_at":"2025-10-10T03:36:55.174905911Z","outcome":"success","request_id":"","resource_id":"api-server","resource_type":"service","target":"api-server","user_agent":""}
{"action":"api-server.shutdown","actor":"system","actor_id":"","error":"context canceled","ip":"","metadata":{"stage":"shutdown"},"occurred_at":"2025-10-10T03:37:17.96299328Z","outcome":"start","request_id":"","resource_id":"api-server","resource_type":"service","target":"api-server","user_agent":""}
{"action":"api-server.shutdown","actor":"system","actor_id":"","error":"","ip":"","metadata":{"stage":"shutdown"},"occurred_at":"2025-10-10T03:37:17.963318526Z","outcome":"success","request_id":"","resource_id":"api-server","resource_type":"service","target":"api-server","user_agent":""}
{"action":"kafka.shutdown","actor":"system","actor_id":"","error":"","ip":"","metadata":{"stage":"shutdown"},"occurred_at":"2025-10-10T03:37:17.96334199Z","outcome":"start","request_id":"","resource_id":"kafka","resource_type":"service","target":"kafka","user_agent":""}
{"action":"kafka.shutdown","actor":"system","actor_id":"","error":"","ip":"","metadata":{"stage":"shutdown"},"occurred_at":"2025-10-10T03:37:44.223675814Z","outcome":"success","request_id":"","resource_id":"kafka","resource_type":"service","target":"kafka","user_agent":""}
{"action":"redis.shutdown","actor":"system","actor_id":"","error":"","ip":"","metadata":{"stage":"shutdown"},"occurred_at":"2025-10-10T03:37:44.223708261Z","outcome":"start","request_id":"","resource_id":"redis","resource_type":"service","target":"redis","user_agent":""}
{"action":"redis.shutdown","actor":"system","actor_id":"","error":"","ip":"","metadata":{"stage":"shutdown"},"occurred_at":"2025-10-10T03:37:44.223916762Z","outcome":"success","request_id":"","resource_id":"redis","resource_type":"service","target":"redis","user_agent":""}
{"action":"mysql.shutdown","actor":"system","actor_id":"","error":"","ip":"","metadata":{"stage":"shutdown"},"occurred_at":"2025-10-10T03:37:44.223923275Z","outcome":"start","request_id":"","resource_id":"mysql","resource_type":"service","target":"mysql","user_agent":""}
{"action":"mysql.shutdown","actor":"system","actor_id":"","error":"","ip":"","metadata":{"stage":"shutdown"},"occurred_at":"2025-10-10T03:37:44.224419552Z","outcome":"success","request_id":"","resource_id":"mysql","resource_type":"service","target":"mysql","user_agent":""}
{"action":"audit.startup","actor":"system","actor_id":"","error":"","ip":"","metadata":{"stage":"startup"},"occurred_at":"2025-10-10T03:38:34.675206539Z","outcome":"success","request_id":"","resource_id":"audit","resource_type":"service","target":"audit","user_agent":""}
{"action":"mysql.startup","actor":"system","actor_id":"","error":"","ip":"","metadata":{"stage":"startup"},"occurred_at":"2025-10-10T03:38:34.675212776Z","outcome":"start","request_id":"","resource_id":"mysql","resource_type":"service","target":"mysql","user_agent":""}
{"action":"mysql.startup","actor":"system","actor_id":"","error":"","ip":"","metadata":{"stage":"startup"},"occurred_at":"2025-10-10T03:38:34.712460681Z","outcome":"success","request_id":"","resource_id":"mysql","resource_type":"service","target":"mysql","user_agent":""}
{"action":"redis.startup","actor":"system","actor_id":"","error":"","ip":"","metadata":{"stage":"startup"},"occurred_at":"2025-10-10T03:38:34.713572801Z","outcome":"start","request_id":"","resource_id":"redis","resource_type":"service","target":"redis","user_agent":""}
{"action":"redis.startup","actor":"system","actor_id":"","error":"","ip":"","metadata":{"stage":"startup"},"occurred_at":"2025-10-10T03:38:35.719049128Z","outcome":"success","request_id":"","resource_id":"redis","resource_type":"service","target":"redis","user_agent":""}
{"action":"kafka.startup","actor":"system","actor_id":"","error":"","ip":"","metadata":{"stage":"startup"},"occurred_at":"2025-10-10T03:38:35.719119771Z","outcome":"start","request_id":"","resource_id":"kafka","resource_type":"service","target":"kafka","user_agent":""}
{"action":"kafka.startup","actor":"system","actor_id":"","error":"","ip":"","metadata":{"stage":"startup"},"occurred_at":"2025-10-10T03:38:35.734501089Z","outcome":"success","request_id":"","resource_id":"kafka","resource_type":"service","target":"kafka","user_agent":""}
{"action":"api-server.startup","actor":"system","actor_id":"","error":"","ip":"","metadata":{"stage":"startup"},"occurred_at":"2025-10-10T03:38:35.828645946Z","outcome":"start","request_id":"","resource_id":"api-server","resource_type":"service","target":"api-server","user_agent":""}
{"action":"api-server.startup","actor":"system","actor_id":"","error":"","ip":"","metadata":{"stage":"startup"},"occurred_at":"2025-10-10T03:38:35.829093298Z","outcome":"success","request_id":"","resource_id":"api-server","resource_type":"service","target":"api-server","user_agent":""}
{"action":"api-server.shutdown","actor":"system","actor_id":"","error":"context canceled","ip":"","metadata":{"stage":"shutdown"},"occurred_at":"2025-10-10T03:38:59.355188827Z","outcome":"start","request_id":"","resource_id":"api-server","resource_type":"service","target":"api-server","user_agent":""}
{"action":"api-server.shutdown","actor":"system","actor_id":"","error":"","ip":"","metadata":{"stage":"shutdown"},"occurred_at":"2025-10-10T03:38:59.355304655Z","outcome":"success","request_id":"","resource_id":"api-server","resource_type":"service","target":"api-server","user_agent":""}
{"action":"kafka.shutdown","actor":"system","actor_id":"","error":"","ip":"","metadata":{"stage":"shutdown"},"occurred_at":"2025-10-10T03:38:59.355307618Z","outcome":"start","request_id":"","resource_id":"kafka","resource_type":"service","target":"kafka","user_agent":""}
{"action":"kafka.shutdown","actor":"system","actor_id":"","error":"","ip":"","metadata":{"stage":"shutdown"},"occurred_at":"2025-10-10T03:39:23.781176569Z","outcome":"success","request_id":"","resource_id":"kafka","resource_type":"service","target":"kafka","user_agent":""}
{"action":"redis.shutdown","actor":"system","actor_id":"","error":"","ip":"","metadata":{"stage":"shutdown"},"occurred_at":"2025-10-10T03:39:23.781197703Z","outcome":"start","request_id":"","resource_id":"redis","resource_type":"service","target":"redis","user_agent":""}
{"action":"redis.shutdown","actor":"system","actor_id":"","error":"","ip":"","metadata":{"stage":"shutdown"},"occurred_at":"2025-10-10T03:39:23.781395267Z","outcome":"success","request_id":"","resource_id":"redis","resource_type":"service","target":"redis","user_agent":""}
{"action":"mysql.shutdown","actor":"system","actor_id":"","error":"","ip":"","metadata":{"stage":"shutdown"},"occurred_at":"2025-10-10T03:39:23.78140026Z","outcome":"start","request_id":"","resource_id":"mysql","resource_type":"service","target":"mysql","user_agent":""}
{"action":"mysql.shutdown","actor":"system","actor_id":"","error":"","ip":"","metadata":{"stage":"shutdown"},"occurred_at":"2025-10-10T03:39:23.781771306Z","outcome":"success","request_id":"","resource_id":"mysql","resource_type":"service","target":"mysql","user_agent":""}
{"action":"audit.startup","actor":"system","actor_id":"","error":"","ip":"","metadata":{"stage":"startup"},"occurred_at":"2025-10-10T03:42:01.190169513Z","outcome":"success","request_id":"","resource_id":"audit","resource_type":"service","target":"audit","user_agent":""}
{"action":"mysql.startup","actor":"system","actor_id":"","error":"","ip":"","metadata":{"stage":"startup"},"occurred_at":"2025-10-10T03:42:01.190175085Z","outcome":"start","request_id":"","resource_id":"mysql","resource_type":"service","target":"mysql","user_agent":""}
{"action":"mysql.startup","actor":"system","actor_id":"","error":"","ip":"","metadata":{"stage":"startup"},"occurred_at":"2025-10-10T03:42:01.221968761Z","outcome":"success","request_id":"","resource_id":"mysql","resource_type":"service","target":"mysql","user_agent":""}
{"action":"redis.startup","actor":"system","actor_id":"","error":"","ip":"","metadata":{"stage":"startup"},"occurred_at":"2025-10-10T03:42:01.222687747Z","outcome":"start","request_id":"","resource_id":"redis","resource_type":"service","target":"redis","user_agent":""}
{"action":"redis.startup","actor":"system","actor_id":"","error":"","ip":"","metadata":{"stage":"startup"},"occurred_at":"2025-10-10T03:42:02.227868462Z","outcome":"success","request_id":"","resource_id":"redis","resource_type":"service","target":"redis","user_agent":""}
{"action":"kafka.startup","actor":"system","actor_id":"","error":"","ip":"","metadata":{"stage":"startup"},"occurred_at":"2025-10-10T03:42:02.22802659Z","outcome":"start","request_id":"","resource_id":"kafka","resource_type":"service","target":"kafka","user_agent":""}
{"action":"kafka.startup","actor":"system","actor_id":"","error":"","ip":"","metadata":{"stage":"startup"},"occurred_at":"2025-10-10T03:42:02.242745083Z","outcome":"success","request_id":"","resource_id":"kafka","resource_type":"service","target":"kafka","user_agent":""}
{"action":"api-server.startup","actor":"system","actor_id":"","error":"","ip":"","metadata":{"stage":"startup"},"occurred_at":"2025-10-10T03:42:02.317823235Z","outcome":"start","request_id":"","resource_id":"api-server","resource_type":"service","target":"api-server","user_agent":""}
{"action":"api-server.startup","actor":"system","actor_id":"","error":"","ip":"","metadata":{"stage":"startup"},"occurred_at":"2025-10-10T03:42:02.318514912Z","outcome":"success","request_id":"","resource_id":"api-server","resource_type":"service","target":"api-server","user_agent":""}
{"action":"audit.startup","actor":"system","actor_id":"","error":"","ip":"","metadata":{"stage":"startup"},"occurred_at":"2025-10-10T11:14:57.532510638Z","outcome":"success","request_id":"","resource_id":"audit","resource_type":"service","target":"audit","user_agent":""}
{"action":"mysql.startup","actor":"system","actor_id":"","error":"","ip":"","metadata":{"stage":"startup"},"occurred_at":"2025-10-10T11:14:57.532516412Z","outcome":"start","request_id":"","resource_id":"mysql","resource_type":"service","target":"mysql","user_agent":""}
{"action":"mysql.startup","actor":"system","actor_id":"","error":"","ip":"","metadata":{"stage":"startup"},"occurred_at":"2025-10-10T11:14:57.888993901Z","outcome":"success","request_id":"","resource_id":"mysql","resource_type":"service","target":"mysql","user_agent":""}
{"action":"redis.startup","actor":"system","actor_id":"","error":"","ip":"","metadata":{"stage":"startup"},"occurred_at":"2025-10-10T11:14:57.889700812Z","outcome":"start","request_id":"","resource_id":"redis","resource_type":"service","target":"redis","user_agent":""}
{"action":"redis.startup","actor":"system","actor_id":"","error":"","ip":"","metadata":{"stage":"startup"},"occurred_at":"2025-10-10T11:14:58.894611507Z","outcome":"success","request_id":"","resource_id":"redis","resource_type":"service","target":"redis","user_agent":""}
{"action":"kafka.startup","actor":"system","actor_id":"","error":"","ip":"","metadata":{"stage":"startup"},"occurred_at":"2025-10-10T11:14:58.894681823Z","outcome":"start","request_id":"","resource_id":"kafka","resource_type":"service","target":"kafka","user_agent":""}
{"action":"kafka.startup","actor":"system","actor_id":"","error":"","ip":"","metadata":{"stage":"startup"},"occurred_at":"2025-10-10T11:14:58.907914629Z","outcome":"success","request_id":"","resource_id":"kafka","resource_type":"service","target":"kafka","user_agent":""}
{"action":"api-server.startup","actor":"system","actor_id":"","error":"","ip":"","metadata":{"stage":"startup"},"occurred_at":"2025-10-10T11:14:58.953248275Z","outcome":"start","request_id":"","resource_id":"api-server","resource_type":"service","target":"api-server","user_agent":""}
{"action":"api-server.startup","actor":"system","actor_id":"","error":"创建监听器失败: listen tcp 192.168.10.8:8088: bind: address already in use","ip":"","metadata":{"stage":"startup"},"occurred_at":"2025-10-10T11:14:58.953528992Z","outcome":"fail","request_id":"","resource_id":"api-server","resource_type":"service","target":"api-server","user_agent":""}
{"action":"kafka.shutdown","actor":"system","actor_id":"","error":"","ip":"","metadata":{"stage":"shutdown"},"occurred_at":"2025-10-10T11:14:58.953534521Z","outcome":"start","request_id":"","resource_id":"kafka","resource_type":"service","target":"kafka","user_agent":""}
{"action":"kafka.shutdown","actor":"system","actor_id":"","error":"","ip":"","metadata":{"stage":"shutdown"},"occurred_at":"2025-10-10T11:15:14.753942149Z","outcome":"success","request_id":"","resource_id":"kafka","resource_type":"service","target":"kafka","user_agent":""}
{"action":"redis.shutdown","actor":"system","actor_id":"","error":"","ip":"","metadata":{"stage":"shutdown"},"occurred_at":"2025-10-10T11:15:14.753960992Z","outcome":"start","request_id":"","resource_id":"redis","resource_type":"service","target":"redis","user_agent":""}
{"action":"redis.shutdown","actor":"system","actor_id":"","error":"","ip":"","metadata":{"stage":"shutdown"},"occurred_at":"2025-10-10T11:15:14.754144199Z","outcome":"success","request_id":"","resource_id":"redis","resource_type":"service","target":"redis","user_agent":""}
{"action":"mysql.shutdown","actor":"system","actor_id":"","error":"","ip":"","metadata":{"stage":"shutdown"},"occurred_at":"2025-10-10T11:15:14.754151Z","outcome":"start","request_id":"","resource_id":"mysql","resource_type":"service","target":"mysql","user_agent":""}
{"action":"mysql.shutdown","actor":"system","actor_id":"","error":"","ip":"","metadata":{"stage":"shutdown"},"occurred_at":"2025-10-10T11:15:14.754636859Z","outcome":"success","request_id":"","resource_id":"mysql","resource_type":"service","target":"mysql","user_agent":""}
{"action":"audit.startup","actor":"system","actor_id":"","error":"","ip":"","metadata":{"stage":"startup"},"occurred_at":"2025-10-10T13:28:49.389770191Z","outcome":"success","request_id":"","resource_id":"audit","resource_type":"service","target":"audit","user_agent":""}
{"action":"mysql.startup","actor":"system","actor_id":"","error":"","ip":"","metadata":{"stage":"startup"},"occurred_at":"2025-10-10T13:28:49.389777129Z","outcome":"start","request_id":"","resource_id":"mysql","resource_type":"service","target":"mysql","user_agent":""}
{"action":"mysql.startup","actor":"system","actor_id":"","error":"","ip":"","metadata":{"stage":"startup"},"occurred_at":"2025-10-10T13:28:49.427285132Z","outcome":"success","request_id":"","resource_id":"mysql","resource_type":"service","target":"mysql","user_agent":""}
{"action":"redis.startup","actor":"system","actor_id":"","error":"","ip":"","metadata":{"stage":"startup"},"occurred_at":"2025-10-10T13:28:49.428205407Z","outcome":"start","request_id":"","resource_id":"redis","resource_type":"service","target":"redis","user_agent":""}
{"action":"redis.startup","actor":"system","actor_id":"","error":"","ip":"","metadata":{"stage":"startup"},"occurred_at":"2025-10-10T13:28:50.43347999Z","outcome":"success","request_id":"","resource_id":"redis","resource_type":"service","target":"redis","user_agent":""}
{"action":"kafka.startup","actor":"system","actor_id":"","error":"","ip":"","metadata":{"stage":"startup"},"occurred_at":"2025-10-10T13:28:50.433527769Z","outcome":"start","request_id":"","resource_id":"kafka","resource_type":"service","target":"kafka","user_agent":""}
{"action":"kafka.startup","actor":"system","actor_id":"","error":"","ip":"","metadata":{"stage":"startup"},"occurred_at":"2025-10-10T13:28:50.446612927Z","outcome":"success","request_id":"","resource_id":"kafka","resource_type":"service","target":"kafka","user_agent":""}
{"action":"api-server.startup","actor":"system","actor_id":"","error":"","ip":"","metadata":{"stage":"startup"},"occurred_at":"2025-10-10T13:28:50.526450658Z","outcome":"start","request_id":"","resource_id":"api-server","resource_type":"service","target":"api-server","user_agent":""}
{"action":"api-server.startup","actor":"system","actor_id":"","error":"","ip":"","metadata":{"stage":"startup"},"occurred_at":"2025-10-10T13:28:50.527037372Z","outcome":"success","request_id":"","resource_id":"api-server","resource_type":"service","target":"api-server","user_agent":""}
